<?xml version="1.0" encoding="UTF-8"?>
<!-- Generated by org.testng.reporters.JUnitXMLReporter -->
<testsuite ignored="0" hostname="LAPTOP-0MRNG4Q3" failures="0" tests="3" name="Default test" time="0.052" errors="0" timestamp="2022-07-27T23:28:46 IST">
  <testcase classname="testNGProgram.CheckParameterization1" name="mobileLogin" time="0.005"/>
  <testcase classname="testNGProgram.CheckParameterization1" name="webLogin" time="0.002"/>
  <testcase classname="testNGProgram.CheckParameterization1" name="APILogin" time="0.0"/>
</testsuite> <!-- Default test -->
