<?xml version="1.0" encoding="UTF-8"?>
<!-- Generated by org.testng.reporters.JUnitXMLReporter -->
<testsuite ignored="0" hostname="LAPTOP-0MRNG4Q3" failures="0" tests="3" name="Car Loan" time="0.006" errors="0" timestamp="2022-07-27T14:39:52 IST">
  <testcase classname="testNGProgram.CarLoan" name="APICarLoanLogin" time="0.001"/>
  <testcase classname="testNGProgram.CarLoan" name="mobileCarLoanLogin" time="0.001"/>
  <testcase classname="testNGProgram.CarLoan" name="webCarLoanLogin" time="0.0"/>
</testsuite> <!-- Car Loan -->
