<?xml version="1.0" encoding="UTF-8"?>
<!-- Generated by org.testng.reporters.JUnitXMLReporter -->
<testsuite ignored="0" hostname="LAPTOP-0MRNG4Q3" failures="0" tests="9" name="Check Paraterization" time="0.1" errors="0" timestamp="2022-07-27T17:34:14 IST">
  <testcase classname="testNGProgram.CheckParameterization1" name="APILogin" time="0.007"/>
  <testcase classname="testNGProgram.CheckParameterization1" name="mobileLogin" time="0.001"/>
  <testcase classname="testNGProgram.CheckParameterization1" name="webLogin" time="0.001"/>
  <testcase classname="testNGProgram.CheckParameterization2" name="APILogin" time="0.001"/>
  <testcase classname="testNGProgram.CheckParameterization2" name="getData" time="0.001"/>
  <testcase classname="testNGProgram.CheckParameterization2" name="getData" time="0.001"/>
  <testcase classname="testNGProgram.CheckParameterization2" name="getData" time="0.001"/>
  <testcase classname="testNGProgram.CheckParameterization2" name="mobileLogin" time="0.002"/>
  <testcase classname="testNGProgram.CheckParameterization2" name="webLogin" time="0.002"/>
</testsuite> <!-- Check Paraterization -->
