<?xml version="1.0" encoding="UTF-8"?>
<!-- Generated by org.testng.reporters.JUnitXMLReporter -->
<testsuite ignored="8" hostname="LAPTOP-0MRNG4Q3" failures="0" tests="0" time="0.005" errors="0" timestamp="2022-07-27T15:11:54 IST">
  <testcase classname="testNGProgram.CarLoan" name="mobileCarLoanLogin" time="0.0">
    <ignored/>
  </testcase> <!-- mobileCarLoanLogin -->
  <testcase classname="testNGProgram.TestNG1stProgram" name="function1" time="0.0">
    <ignored/>
  </testcase> <!-- function1 -->
  <testcase classname="testNGProgram.CarLoan" name="APICarLoanLogin" time="0.0">
    <ignored/>
  </testcase> <!-- APICarLoanLogin -->
  <testcase classname="testNGProgram.CarLoan" name="webCarLoanLogin" time="0.0">
    <ignored/>
  </testcase> <!-- webCarLoanLogin -->
  <testcase classname="testNGProgram.HomeLoan" name="mobileHomeLoanLogin" time="0.0">
    <ignored/>
  </testcase> <!-- mobileHomeLoanLogin -->
  <testcase classname="testNGProgram.HomeLoan" name="webHomeLoanLogin" time="0.0">
    <ignored/>
  </testcase> <!-- webHomeLoanLogin -->
  <testcase classname="testNGProgram.HomeLoan" name="APIHomeLoanLogin" time="0.0">
    <ignored/>
  </testcase> <!-- APIHomeLoanLogin -->
  <testcase classname="testNGProgram.TestNG1stProgram" name="function2" time="0.0">
    <ignored/>
  </testcase> <!-- function2 -->
</testsuite>
