<?xml version="1.0" encoding="UTF-8"?>
<!-- Generated by org.testng.reporters.JUnitXMLReporter -->
<testsuite ignored="1" hostname="LAPTOP-0MRNG4Q3" failures="0" tests="4" name="Group3" time="0.005" errors="0" timestamp="2022-07-27T15:38:23 IST">
  <testcase classname="testNGProgram.CarLoan" name="Function2" time="0.0"/>
  <testcase classname="testNGProgram.CarLoan" name="mobileCarLoanLogin" time="0.001"/>
  <testcase classname="testNGProgram.CarLoan" name="webCarLoanLogin" time="0.001"/>
  <testcase classname="testNGProgram.CarLoan" name="Function1" time="0.0"/>
  <testcase classname="testNGProgram.CarLoan" name="APICarLoanLogin" time="0.0">
    <ignored/>
  </testcase> <!-- APICarLoanLogin -->
</testsuite> <!-- Group3 -->
