<?xml version="1.0" encoding="UTF-8"?>
<!-- Generated by org.testng.reporters.JUnitXMLReporter -->
<testsuite ignored="7" hostname="LAPTOP-0MRNG4Q3" failures="0" tests="3" name="Group1" time="0.027" errors="0" timestamp="2022-07-27T15:38:23 IST">
  <testcase classname="testNGProgram.TestNG1stProgram" name="function1" time="0.003"/>
  <testcase classname="testNGProgram.HomeLoan" name="mobileHomeLoanLogin" time="0.001"/>
  <testcase classname="testNGProgram.CarLoan" name="webCarLoanLogin" time="0.001"/>
  <testcase classname="testNGProgram.CarLoan" name="mobileCarLoanLogin" time="0.0">
    <ignored/>
  </testcase> <!-- mobileCarLoanLogin -->
  <testcase classname="testNGProgram.CarLoan" name="APICarLoanLogin" time="0.0">
    <ignored/>
  </testcase> <!-- APICarLoanLogin -->
  <testcase classname="testNGProgram.HomeLoan" name="webHomeLoanLogin" time="0.0">
    <ignored/>
  </testcase> <!-- webHomeLoanLogin -->
  <testcase classname="testNGProgram.CarLoan" name="Function1" time="0.0">
    <ignored/>
  </testcase> <!-- Function1 -->
  <testcase classname="testNGProgram.HomeLoan" name="APIHomeLoanLogin" time="0.0">
    <ignored/>
  </testcase> <!-- APIHomeLoanLogin -->
  <testcase classname="testNGProgram.CarLoan" name="Function2" time="0.0">
    <ignored/>
  </testcase> <!-- Function2 -->
  <testcase classname="testNGProgram.TestNG1stProgram" name="function2" time="0.0">
    <ignored/>
  </testcase> <!-- function2 -->
</testsuite> <!-- Group1 -->
